2023-06-03 21:04:27,221 INFO [http-nio-63110-exec-1][DirectJDKLog.java:173] - Initializing Spring DispatcherServlet 'dispatcherServlet'
2023-06-03 21:04:27,221 INFO [http-nio-63110-exec-1][DirectJDKLog.java:173] - Initializing Spring DispatcherServlet 'dispatcherServlet'
2023-06-03 21:04:27,233 INFO [http-nio-63110-exec-1][FrameworkServlet.java:525] - Initializing Servlet 'dispatcherServlet'
2023-06-03 21:04:27,233 INFO [http-nio-63110-exec-1][FrameworkServlet.java:525] - Initializing Servlet 'dispatcherServlet'
2023-06-03 21:04:27,240 INFO [http-nio-63110-exec-1][FrameworkServlet.java:547] - Completed initialization in 7 ms
2023-06-03 21:04:27,240 INFO [http-nio-63110-exec-1][FrameworkServlet.java:547] - Completed initialization in 7 ms
2023-06-03 21:04:27,318 DEBUG [http-nio-63110-exec-1][HikariConfig.java:1066] - HikariPool-1 - configuration:
2023-06-03 21:04:27,318 DEBUG [http-nio-63110-exec-1][HikariConfig.java:1066] - HikariPool-1 - configuration:
2023-06-03 21:04:27,320 DEBUG [http-nio-63110-exec-1][HikariConfig.java:1098] - allowPoolSuspension.............false
2023-06-03 21:04:27,320 DEBUG [http-nio-63110-exec-1][HikariConfig.java:1098] - allowPoolSuspension.............false
2023-06-03 21:04:27,320 DEBUG [http-nio-63110-exec-1][HikariConfig.java:1098] - autoCommit......................true
2023-06-03 21:04:27,320 DEBUG [http-nio-63110-exec-1][HikariConfig.java:1098] - autoCommit......................true
2023-06-03 21:04:27,320 DEBUG [http-nio-63110-exec-1][HikariConfig.java:1098] - catalog.........................none
2023-06-03 21:04:27,320 DEBUG [http-nio-63110-exec-1][HikariConfig.java:1098] - catalog.........................none
2023-06-03 21:04:27,320 DEBUG [http-nio-63110-exec-1][HikariConfig.java:1098] - connectionInitSql...............none
2023-06-03 21:04:27,320 DEBUG [http-nio-63110-exec-1][HikariConfig.java:1098] - connectionInitSql...............none
2023-06-03 21:04:27,321 DEBUG [http-nio-63110-exec-1][HikariConfig.java:1098] - connectionTestQuery.............none
2023-06-03 21:04:27,321 DEBUG [http-nio-63110-exec-1][HikariConfig.java:1098] - connectionTestQuery.............none
2023-06-03 21:04:27,321 DEBUG [http-nio-63110-exec-1][HikariConfig.java:1098] - connectionTimeout...............30000
2023-06-03 21:04:27,321 DEBUG [http-nio-63110-exec-1][HikariConfig.java:1098] - connectionTimeout...............30000
2023-06-03 21:04:27,321 DEBUG [http-nio-63110-exec-1][HikariConfig.java:1098] - dataSource......................none
2023-06-03 21:04:27,321 DEBUG [http-nio-63110-exec-1][HikariConfig.java:1098] - dataSource......................none
2023-06-03 21:04:27,321 DEBUG [http-nio-63110-exec-1][HikariConfig.java:1098] - dataSourceClassName.............none
2023-06-03 21:04:27,321 DEBUG [http-nio-63110-exec-1][HikariConfig.java:1098] - dataSourceClassName.............none
2023-06-03 21:04:27,321 DEBUG [http-nio-63110-exec-1][HikariConfig.java:1098] - dataSourceJNDI..................none
2023-06-03 21:04:27,321 DEBUG [http-nio-63110-exec-1][HikariConfig.java:1098] - dataSourceJNDI..................none
2023-06-03 21:04:27,322 DEBUG [http-nio-63110-exec-1][HikariConfig.java:1098] - dataSourceProperties............{password=<masked>}
2023-06-03 21:04:27,322 DEBUG [http-nio-63110-exec-1][HikariConfig.java:1098] - dataSourceProperties............{password=<masked>}
2023-06-03 21:04:27,322 DEBUG [http-nio-63110-exec-1][HikariConfig.java:1098] - driverClassName................."com.mysql.cj.jdbc.Driver"
2023-06-03 21:04:27,322 DEBUG [http-nio-63110-exec-1][HikariConfig.java:1098] - driverClassName................."com.mysql.cj.jdbc.Driver"
2023-06-03 21:04:27,322 DEBUG [http-nio-63110-exec-1][HikariConfig.java:1098] - exceptionOverrideClassName......none
2023-06-03 21:04:27,322 DEBUG [http-nio-63110-exec-1][HikariConfig.java:1098] - exceptionOverrideClassName......none
2023-06-03 21:04:27,323 DEBUG [http-nio-63110-exec-1][HikariConfig.java:1098] - healthCheckProperties...........{}
2023-06-03 21:04:27,323 DEBUG [http-nio-63110-exec-1][HikariConfig.java:1098] - healthCheckProperties...........{}
2023-06-03 21:04:27,323 DEBUG [http-nio-63110-exec-1][HikariConfig.java:1098] - healthCheckRegistry.............none
2023-06-03 21:04:27,323 DEBUG [http-nio-63110-exec-1][HikariConfig.java:1098] - healthCheckRegistry.............none
2023-06-03 21:04:27,323 DEBUG [http-nio-63110-exec-1][HikariConfig.java:1098] - idleTimeout.....................600000
2023-06-03 21:04:27,323 DEBUG [http-nio-63110-exec-1][HikariConfig.java:1098] - idleTimeout.....................600000
2023-06-03 21:04:27,323 DEBUG [http-nio-63110-exec-1][HikariConfig.java:1098] - initializationFailTimeout.......1
2023-06-03 21:04:27,323 DEBUG [http-nio-63110-exec-1][HikariConfig.java:1098] - initializationFailTimeout.......1
2023-06-03 21:04:27,323 DEBUG [http-nio-63110-exec-1][HikariConfig.java:1098] - isolateInternalQueries..........false
2023-06-03 21:04:27,323 DEBUG [http-nio-63110-exec-1][HikariConfig.java:1098] - isolateInternalQueries..........false
2023-06-03 21:04:27,323 DEBUG [http-nio-63110-exec-1][HikariConfig.java:1098] - jdbcUrl.........................jdbc:mysql://192.168.61.128:3306/xcplus_system?serverTimezone=UTC&userUnicode=true&useSSL=false&
2023-06-03 21:04:27,323 DEBUG [http-nio-63110-exec-1][HikariConfig.java:1098] - jdbcUrl.........................jdbc:mysql://192.168.61.128:3306/xcplus_system?serverTimezone=UTC&userUnicode=true&useSSL=false&
2023-06-03 21:04:27,324 DEBUG [http-nio-63110-exec-1][HikariConfig.java:1098] - leakDetectionThreshold..........0
2023-06-03 21:04:27,324 DEBUG [http-nio-63110-exec-1][HikariConfig.java:1098] - leakDetectionThreshold..........0
2023-06-03 21:04:27,324 DEBUG [http-nio-63110-exec-1][HikariConfig.java:1098] - maxLifetime.....................1800000
2023-06-03 21:04:27,324 DEBUG [http-nio-63110-exec-1][HikariConfig.java:1098] - maxLifetime.....................1800000
2023-06-03 21:04:27,324 DEBUG [http-nio-63110-exec-1][HikariConfig.java:1098] - maximumPoolSize.................10
2023-06-03 21:04:27,324 DEBUG [http-nio-63110-exec-1][HikariConfig.java:1098] - maximumPoolSize.................10
2023-06-03 21:04:27,324 DEBUG [http-nio-63110-exec-1][HikariConfig.java:1098] - metricRegistry..................none
2023-06-03 21:04:27,324 DEBUG [http-nio-63110-exec-1][HikariConfig.java:1098] - metricRegistry..................none
2023-06-03 21:04:27,324 DEBUG [http-nio-63110-exec-1][HikariConfig.java:1098] - metricsTrackerFactory...........none
2023-06-03 21:04:27,324 DEBUG [http-nio-63110-exec-1][HikariConfig.java:1098] - metricsTrackerFactory...........none
2023-06-03 21:04:27,324 DEBUG [http-nio-63110-exec-1][HikariConfig.java:1098] - minimumIdle.....................10
2023-06-03 21:04:27,324 DEBUG [http-nio-63110-exec-1][HikariConfig.java:1098] - minimumIdle.....................10
2023-06-03 21:04:27,324 DEBUG [http-nio-63110-exec-1][HikariConfig.java:1098] - password........................<masked>
2023-06-03 21:04:27,324 DEBUG [http-nio-63110-exec-1][HikariConfig.java:1098] - password........................<masked>
2023-06-03 21:04:27,325 DEBUG [http-nio-63110-exec-1][HikariConfig.java:1098] - poolName........................"HikariPool-1"
2023-06-03 21:04:27,325 DEBUG [http-nio-63110-exec-1][HikariConfig.java:1098] - poolName........................"HikariPool-1"
2023-06-03 21:04:27,325 DEBUG [http-nio-63110-exec-1][HikariConfig.java:1098] - readOnly........................false
2023-06-03 21:04:27,325 DEBUG [http-nio-63110-exec-1][HikariConfig.java:1098] - readOnly........................false
2023-06-03 21:04:27,325 DEBUG [http-nio-63110-exec-1][HikariConfig.java:1098] - registerMbeans..................false
2023-06-03 21:04:27,325 DEBUG [http-nio-63110-exec-1][HikariConfig.java:1098] - registerMbeans..................false
2023-06-03 21:04:27,325 DEBUG [http-nio-63110-exec-1][HikariConfig.java:1098] - scheduledExecutor...............none
2023-06-03 21:04:27,325 DEBUG [http-nio-63110-exec-1][HikariConfig.java:1098] - scheduledExecutor...............none
2023-06-03 21:04:27,325 DEBUG [http-nio-63110-exec-1][HikariConfig.java:1098] - schema..........................none
2023-06-03 21:04:27,325 DEBUG [http-nio-63110-exec-1][HikariConfig.java:1098] - schema..........................none
2023-06-03 21:04:27,325 DEBUG [http-nio-63110-exec-1][HikariConfig.java:1098] - threadFactory...................internal
2023-06-03 21:04:27,325 DEBUG [http-nio-63110-exec-1][HikariConfig.java:1098] - threadFactory...................internal
2023-06-03 21:04:27,326 DEBUG [http-nio-63110-exec-1][HikariConfig.java:1098] - transactionIsolation............default
2023-06-03 21:04:27,326 DEBUG [http-nio-63110-exec-1][HikariConfig.java:1098] - transactionIsolation............default
2023-06-03 21:04:27,326 DEBUG [http-nio-63110-exec-1][HikariConfig.java:1098] - username........................"root"
2023-06-03 21:04:27,326 DEBUG [http-nio-63110-exec-1][HikariConfig.java:1098] - username........................"root"
2023-06-03 21:04:27,326 DEBUG [http-nio-63110-exec-1][HikariConfig.java:1098] - validationTimeout...............5000
2023-06-03 21:04:27,326 DEBUG [http-nio-63110-exec-1][HikariConfig.java:1098] - validationTimeout...............5000
2023-06-03 21:04:27,326 INFO [http-nio-63110-exec-1][HikariDataSource.java:110] - HikariPool-1 - Starting...
2023-06-03 21:04:27,326 INFO [http-nio-63110-exec-1][HikariDataSource.java:110] - HikariPool-1 - Starting...
2023-06-03 21:04:27,435 DEBUG [http-nio-63110-exec-1][HikariPool.java:564] - HikariPool-1 - Added connection com.mysql.cj.jdbc.ConnectionImpl@76aed4c0
2023-06-03 21:04:27,435 DEBUG [http-nio-63110-exec-1][HikariPool.java:564] - HikariPool-1 - Added connection com.mysql.cj.jdbc.ConnectionImpl@76aed4c0
2023-06-03 21:04:27,437 INFO [http-nio-63110-exec-1][HikariDataSource.java:123] - HikariPool-1 - Start completed.
2023-06-03 21:04:27,437 INFO [http-nio-63110-exec-1][HikariDataSource.java:123] - HikariPool-1 - Start completed.
2023-06-03 21:04:27,443 DEBUG [http-nio-63110-exec-1][BaseJdbcLogger.java:137] - ==>  Preparing: SELECT id,name,code,item_values FROM dictionary
2023-06-03 21:04:27,443 DEBUG [http-nio-63110-exec-1][BaseJdbcLogger.java:137] - ==>  Preparing: SELECT id,name,code,item_values FROM dictionary
2023-06-03 21:04:27,462 DEBUG [http-nio-63110-exec-1][BaseJdbcLogger.java:137] - ==> Parameters: 
2023-06-03 21:04:27,462 DEBUG [http-nio-63110-exec-1][BaseJdbcLogger.java:137] - ==> Parameters: 
2023-06-03 21:04:27,485 DEBUG [http-nio-63110-exec-1][BaseJdbcLogger.java:137] - <==      Total: 17
2023-06-03 21:04:27,485 DEBUG [http-nio-63110-exec-1][BaseJdbcLogger.java:137] - <==      Total: 17
2023-06-03 21:04:27,544 DEBUG [HikariPool-1 housekeeper][HikariPool.java:421] - HikariPool-1 - Pool stats (total=1, active=0, idle=1, waiting=0)
2023-06-03 21:04:27,544 DEBUG [HikariPool-1 housekeeper][HikariPool.java:421] - HikariPool-1 - Pool stats (total=1, active=0, idle=1, waiting=0)
2023-06-03 21:04:27,552 DEBUG [HikariPool-1 connection adder][HikariPool.java:728] - HikariPool-1 - Added connection com.mysql.cj.jdbc.ConnectionImpl@74e3e740
2023-06-03 21:04:27,552 DEBUG [HikariPool-1 connection adder][HikariPool.java:728] - HikariPool-1 - Added connection com.mysql.cj.jdbc.ConnectionImpl@74e3e740
2023-06-03 21:04:27,561 DEBUG [HikariPool-1 connection adder][HikariPool.java:728] - HikariPool-1 - Added connection com.mysql.cj.jdbc.ConnectionImpl@35deed7b
2023-06-03 21:04:27,561 DEBUG [HikariPool-1 connection adder][HikariPool.java:728] - HikariPool-1 - Added connection com.mysql.cj.jdbc.ConnectionImpl@35deed7b
2023-06-03 21:04:27,571 DEBUG [HikariPool-1 connection adder][HikariPool.java:728] - HikariPool-1 - Added connection com.mysql.cj.jdbc.ConnectionImpl@421f947
2023-06-03 21:04:27,571 DEBUG [HikariPool-1 connection adder][HikariPool.java:728] - HikariPool-1 - Added connection com.mysql.cj.jdbc.ConnectionImpl@421f947
2023-06-03 21:04:27,578 DEBUG [HikariPool-1 connection adder][HikariPool.java:728] - HikariPool-1 - Added connection com.mysql.cj.jdbc.ConnectionImpl@55f11234
2023-06-03 21:04:27,578 DEBUG [HikariPool-1 connection adder][HikariPool.java:728] - HikariPool-1 - Added connection com.mysql.cj.jdbc.ConnectionImpl@55f11234
2023-06-03 21:04:27,585 DEBUG [HikariPool-1 connection adder][HikariPool.java:728] - HikariPool-1 - Added connection com.mysql.cj.jdbc.ConnectionImpl@2fa33f4c
2023-06-03 21:04:27,585 DEBUG [HikariPool-1 connection adder][HikariPool.java:728] - HikariPool-1 - Added connection com.mysql.cj.jdbc.ConnectionImpl@2fa33f4c
2023-06-03 21:04:27,590 DEBUG [HikariPool-1 connection adder][HikariPool.java:728] - HikariPool-1 - Added connection com.mysql.cj.jdbc.ConnectionImpl@51bf2b64
2023-06-03 21:04:27,590 DEBUG [HikariPool-1 connection adder][HikariPool.java:728] - HikariPool-1 - Added connection com.mysql.cj.jdbc.ConnectionImpl@51bf2b64
2023-06-03 21:04:27,596 DEBUG [HikariPool-1 connection adder][HikariPool.java:728] - HikariPool-1 - Added connection com.mysql.cj.jdbc.ConnectionImpl@40ffd044
2023-06-03 21:04:27,596 DEBUG [HikariPool-1 connection adder][HikariPool.java:728] - HikariPool-1 - Added connection com.mysql.cj.jdbc.ConnectionImpl@40ffd044
2023-06-03 21:04:27,602 DEBUG [HikariPool-1 connection adder][HikariPool.java:728] - HikariPool-1 - Added connection com.mysql.cj.jdbc.ConnectionImpl@520bc15b
2023-06-03 21:04:27,602 DEBUG [HikariPool-1 connection adder][HikariPool.java:728] - HikariPool-1 - Added connection com.mysql.cj.jdbc.ConnectionImpl@520bc15b
2023-06-03 21:04:27,611 DEBUG [HikariPool-1 connection adder][HikariPool.java:728] - HikariPool-1 - Added connection com.mysql.cj.jdbc.ConnectionImpl@188cd06f
2023-06-03 21:04:27,611 DEBUG [HikariPool-1 connection adder][HikariPool.java:728] - HikariPool-1 - Added connection com.mysql.cj.jdbc.ConnectionImpl@188cd06f
2023-06-03 21:04:27,611 DEBUG [HikariPool-1 connection adder][HikariPool.java:421] - HikariPool-1 - After adding stats (total=10, active=0, idle=10, waiting=0)
2023-06-03 21:04:27,611 DEBUG [HikariPool-1 connection adder][HikariPool.java:421] - HikariPool-1 - After adding stats (total=10, active=0, idle=10, waiting=0)
2023-06-03 21:04:27,677 DEBUG [http-nio-63040-exec-9][LogFormatUtils.java:91] - POST "/content/course/list?pageNo=1&pageSize=10", parameters={masked}
2023-06-03 21:04:27,677 DEBUG [http-nio-63040-exec-9][LogFormatUtils.java:91] - POST "/content/course/list?pageNo=1&pageSize=10", parameters={masked}
2023-06-03 21:04:27,678 DEBUG [http-nio-63040-exec-9][AbstractHandlerMapping.java:415] - Mapped to com.xuecheng.content.api.CourseBaseInfoController#list(PageParams, QueryCourseParamsDto)
2023-06-03 21:04:27,678 DEBUG [http-nio-63040-exec-9][AbstractHandlerMapping.java:415] - Mapped to com.xuecheng.content.api.CourseBaseInfoController#list(PageParams, QueryCourseParamsDto)
2023-06-03 21:04:27,691 DEBUG [http-nio-63040-exec-9][LogFormatUtils.java:91] - Read "application/json;charset=UTF-8" to [QueryCourseParamsDto(auditStatus=, courseName=, publishStatus=null)]
2023-06-03 21:04:27,691 DEBUG [http-nio-63040-exec-9][LogFormatUtils.java:91] - Read "application/json;charset=UTF-8" to [QueryCourseParamsDto(auditStatus=, courseName=, publishStatus=null)]
2023-06-03 21:04:27,704 DEBUG [http-nio-63040-exec-9][Logger.java:49] - Creating a new SqlSession
2023-06-03 21:04:27,704 DEBUG [http-nio-63040-exec-9][Logger.java:49] - Creating a new SqlSession
2023-06-03 21:04:27,705 DEBUG [http-nio-63040-exec-9][Logger.java:49] - SqlSession [org.apache.ibatis.session.defaults.DefaultSqlSession@5a25827a] was not registered for synchronization because synchronization is not active
2023-06-03 21:04:27,705 DEBUG [http-nio-63040-exec-9][Logger.java:49] - SqlSession [org.apache.ibatis.session.defaults.DefaultSqlSession@5a25827a] was not registered for synchronization because synchronization is not active
2023-06-03 21:04:27,753 DEBUG [http-nio-63040-exec-9][DataSourceUtils.java:115] - Fetching JDBC Connection from DataSource
2023-06-03 21:04:27,753 DEBUG [http-nio-63040-exec-9][DataSourceUtils.java:115] - Fetching JDBC Connection from DataSource
2023-06-03 21:04:27,754 DEBUG [http-nio-63040-exec-9][Logger.java:49] - JDBC Connection [HikariProxyConnection@434909864 wrapping com.mysql.cj.jdbc.ConnectionImpl@653a6eec] will not be managed by Spring
2023-06-03 21:04:27,754 DEBUG [http-nio-63040-exec-9][Logger.java:49] - JDBC Connection [HikariProxyConnection@434909864 wrapping com.mysql.cj.jdbc.ConnectionImpl@653a6eec] will not be managed by Spring
2023-06-03 21:04:27,755 DEBUG [http-nio-63040-exec-9][BaseJdbcLogger.java:137] - ==>  Preparing: SELECT COUNT(*) FROM course_base
2023-06-03 21:04:27,755 DEBUG [http-nio-63040-exec-9][BaseJdbcLogger.java:137] - ==>  Preparing: SELECT COUNT(*) FROM course_base
2023-06-03 21:04:27,756 DEBUG [http-nio-63040-exec-9][BaseJdbcLogger.java:137] - ==> Parameters: 
2023-06-03 21:04:27,756 DEBUG [http-nio-63040-exec-9][BaseJdbcLogger.java:137] - ==> Parameters: 
2023-06-03 21:04:27,760 DEBUG [http-nio-63040-exec-9][BaseJdbcLogger.java:137] - <==      Total: 1
2023-06-03 21:04:27,760 DEBUG [http-nio-63040-exec-9][BaseJdbcLogger.java:137] - <==      Total: 1
2023-06-03 21:04:27,767 DEBUG [http-nio-63040-exec-9][BaseJdbcLogger.java:137] - ==>  Preparing: SELECT id,company_id,company_name,name,users,tags,mt,st,grade,teachmode,description,pic,create_date,change_date,create_people,change_people,audit_status,status FROM course_base LIMIT ?
2023-06-03 21:04:27,767 DEBUG [http-nio-63040-exec-9][BaseJdbcLogger.java:137] - ==>  Preparing: SELECT id,company_id,company_name,name,users,tags,mt,st,grade,teachmode,description,pic,create_date,change_date,create_people,change_people,audit_status,status FROM course_base LIMIT ?
2023-06-03 21:04:27,768 DEBUG [http-nio-63040-exec-9][BaseJdbcLogger.java:137] - ==> Parameters: 10(Long)
2023-06-03 21:04:27,768 DEBUG [http-nio-63040-exec-9][BaseJdbcLogger.java:137] - ==> Parameters: 10(Long)
2023-06-03 21:04:27,772 DEBUG [http-nio-63040-exec-9][BaseJdbcLogger.java:137] - <==      Total: 10
2023-06-03 21:04:27,772 DEBUG [http-nio-63040-exec-9][BaseJdbcLogger.java:137] - <==      Total: 10
2023-06-03 21:04:27,772 DEBUG [http-nio-63040-exec-9][Logger.java:49] - Closing non transactional SqlSession [org.apache.ibatis.session.defaults.DefaultSqlSession@5a25827a]
2023-06-03 21:04:27,772 DEBUG [http-nio-63040-exec-9][Logger.java:49] - Closing non transactional SqlSession [org.apache.ibatis.session.defaults.DefaultSqlSession@5a25827a]
2023-06-03 21:04:27,775 DEBUG [http-nio-63040-exec-9][AbstractMessageConverterMethodProcessor.java:255] - Using 'application/json', given [application/json, text/plain, */*] and supported [application/json, application/*+json, application/json, application/*+json]
2023-06-03 21:04:27,775 DEBUG [http-nio-63040-exec-9][AbstractMessageConverterMethodProcessor.java:255] - Using 'application/json', given [application/json, text/plain, */*] and supported [application/json, application/*+json, application/json, application/*+json]
2023-06-03 21:04:27,775 DEBUG [http-nio-63040-exec-9][LogFormatUtils.java:91] - Writing [PageResult(items=[CourseBase(id=1, companyId=1232141425, companyName=, name=JAVA8/9/10新特性讲解, users=j (truncated)...]
2023-06-03 21:04:27,775 DEBUG [http-nio-63040-exec-9][LogFormatUtils.java:91] - Writing [PageResult(items=[CourseBase(id=1, companyId=1232141425, companyName=, name=JAVA8/9/10新特性讲解, users=j (truncated)...]
2023-06-03 21:04:27,783 DEBUG [http-nio-63040-exec-9][FrameworkServlet.java:1131] - Completed 200 OK
2023-06-03 21:04:27,783 DEBUG [http-nio-63040-exec-9][FrameworkServlet.java:1131] - Completed 200 OK
2023-06-03 21:04:29,668 DEBUG [HikariPool-1 housekeeper][HikariPool.java:421] - HikariPool-1 - Pool stats (total=10, active=0, idle=10, waiting=0)
2023-06-03 21:04:29,668 DEBUG [HikariPool-1 housekeeper][HikariPool.java:421] - HikariPool-1 - Pool stats (total=10, active=0, idle=10, waiting=0)
2023-06-03 21:04:29,668 DEBUG [HikariPool-1 housekeeper][HikariPool.java:517] - HikariPool-1 - Fill pool skipped, pool is at sufficient level.
2023-06-03 21:04:29,668 DEBUG [HikariPool-1 housekeeper][HikariPool.java:517] - HikariPool-1 - Fill pool skipped, pool is at sufficient level.
2023-06-03 21:04:30,851 DEBUG [http-nio-63110-exec-2][BaseJdbcLogger.java:137] - ==>  Preparing: SELECT id,name,code,item_values FROM dictionary
2023-06-03 21:04:30,851 DEBUG [http-nio-63110-exec-2][BaseJdbcLogger.java:137] - ==>  Preparing: SELECT id,name,code,item_values FROM dictionary
2023-06-03 21:04:30,852 DEBUG [http-nio-63110-exec-2][BaseJdbcLogger.java:137] - ==> Parameters: 
2023-06-03 21:04:30,852 DEBUG [http-nio-63110-exec-2][BaseJdbcLogger.java:137] - ==> Parameters: 
2023-06-03 21:04:30,855 DEBUG [http-nio-63110-exec-2][BaseJdbcLogger.java:137] - <==      Total: 17
2023-06-03 21:04:30,855 DEBUG [http-nio-63110-exec-2][BaseJdbcLogger.java:137] - <==      Total: 17
2023-06-03 21:04:31,006 DEBUG [http-nio-63040-exec-7][LogFormatUtils.java:91] - GET "/content/course-category/tree-nodes", parameters={}
2023-06-03 21:04:31,006 DEBUG [http-nio-63040-exec-7][LogFormatUtils.java:91] - GET "/content/course-category/tree-nodes", parameters={}
2023-06-03 21:04:31,007 DEBUG [http-nio-63040-exec-7][AbstractHandlerMapping.java:415] - Mapped to com.xuecheng.content.api.CourseCategoryController#queryTreeNodes()
2023-06-03 21:04:31,007 DEBUG [http-nio-63040-exec-7][AbstractHandlerMapping.java:415] - Mapped to com.xuecheng.content.api.CourseCategoryController#queryTreeNodes()
2023-06-03 21:04:31,008 DEBUG [http-nio-63040-exec-7][Logger.java:49] - Creating a new SqlSession
2023-06-03 21:04:31,008 DEBUG [http-nio-63040-exec-7][Logger.java:49] - Creating a new SqlSession
2023-06-03 21:04:31,008 DEBUG [http-nio-63040-exec-7][Logger.java:49] - SqlSession [org.apache.ibatis.session.defaults.DefaultSqlSession@44d1a55b] was not registered for synchronization because synchronization is not active
2023-06-03 21:04:31,008 DEBUG [http-nio-63040-exec-7][Logger.java:49] - SqlSession [org.apache.ibatis.session.defaults.DefaultSqlSession@44d1a55b] was not registered for synchronization because synchronization is not active
2023-06-03 21:04:31,009 DEBUG [http-nio-63040-exec-7][DataSourceUtils.java:115] - Fetching JDBC Connection from DataSource
2023-06-03 21:04:31,009 DEBUG [http-nio-63040-exec-7][DataSourceUtils.java:115] - Fetching JDBC Connection from DataSource
2023-06-03 21:04:31,010 DEBUG [http-nio-63040-exec-7][Logger.java:49] - JDBC Connection [HikariProxyConnection@663167501 wrapping com.mysql.cj.jdbc.ConnectionImpl@653a6eec] will not be managed by Spring
2023-06-03 21:04:31,010 DEBUG [http-nio-63040-exec-7][Logger.java:49] - JDBC Connection [HikariProxyConnection@663167501 wrapping com.mysql.cj.jdbc.ConnectionImpl@653a6eec] will not be managed by Spring
2023-06-03 21:04:31,010 DEBUG [http-nio-63040-exec-7][BaseJdbcLogger.java:137] - ==>  Preparing: with recursive t1 as ( select * from course_category where id = ? union all select t2.* from course_category t2 inner join t1 on t1.id = t2.parentid ) select * from t1
2023-06-03 21:04:31,010 DEBUG [http-nio-63040-exec-7][BaseJdbcLogger.java:137] - ==>  Preparing: with recursive t1 as ( select * from course_category where id = ? union all select t2.* from course_category t2 inner join t1 on t1.id = t2.parentid ) select * from t1
2023-06-03 21:04:31,011 DEBUG [http-nio-63040-exec-7][BaseJdbcLogger.java:137] - ==> Parameters: 1(String)
2023-06-03 21:04:31,011 DEBUG [http-nio-63040-exec-7][BaseJdbcLogger.java:137] - ==> Parameters: 1(String)
2023-06-03 21:04:31,021 DEBUG [http-nio-63040-exec-7][BaseJdbcLogger.java:137] - <==      Total: 144
2023-06-03 21:04:31,021 DEBUG [http-nio-63040-exec-7][BaseJdbcLogger.java:137] - <==      Total: 144
2023-06-03 21:04:31,021 DEBUG [http-nio-63040-exec-7][Logger.java:49] - Closing non transactional SqlSession [org.apache.ibatis.session.defaults.DefaultSqlSession@44d1a55b]
2023-06-03 21:04:31,021 DEBUG [http-nio-63040-exec-7][Logger.java:49] - Closing non transactional SqlSession [org.apache.ibatis.session.defaults.DefaultSqlSession@44d1a55b]
2023-06-03 21:04:31,023 DEBUG [http-nio-63040-exec-7][AbstractMessageConverterMethodProcessor.java:255] - Using 'application/json', given [application/json, text/plain, */*] and supported [application/json, application/*+json, application/json, application/*+json]
2023-06-03 21:04:31,023 DEBUG [http-nio-63040-exec-7][AbstractMessageConverterMethodProcessor.java:255] - Using 'application/json', given [application/json, text/plain, */*] and supported [application/json, application/*+json, application/json, application/*+json]
2023-06-03 21:04:31,024 DEBUG [http-nio-63040-exec-7][LogFormatUtils.java:91] - Writing [[CourseCategoryTreeDto(childrenTreeNodes=[CourseCategoryTreeDto(childrenTreeNodes=null), CourseCateg (truncated)...]
2023-06-03 21:04:31,024 DEBUG [http-nio-63040-exec-7][LogFormatUtils.java:91] - Writing [[CourseCategoryTreeDto(childrenTreeNodes=[CourseCategoryTreeDto(childrenTreeNodes=null), CourseCateg (truncated)...]
2023-06-03 21:04:31,028 DEBUG [http-nio-63040-exec-7][FrameworkServlet.java:1131] - Completed 200 OK
2023-06-03 21:04:31,028 DEBUG [http-nio-63040-exec-7][FrameworkServlet.java:1131] - Completed 200 OK
2023-06-03 21:04:54,291 DEBUG [http-nio-63040-exec-8][LogFormatUtils.java:91] - POST "/content/course", parameters={}
2023-06-03 21:04:54,291 DEBUG [http-nio-63040-exec-8][LogFormatUtils.java:91] - POST "/content/course", parameters={}
2023-06-03 21:04:54,291 DEBUG [http-nio-63040-exec-8][AbstractHandlerMapping.java:415] - Mapped to com.xuecheng.content.api.CourseBaseInfoController#createCourseBase(AddCourseDto)
2023-06-03 21:04:54,291 DEBUG [http-nio-63040-exec-8][AbstractHandlerMapping.java:415] - Mapped to com.xuecheng.content.api.CourseBaseInfoController#createCourseBase(AddCourseDto)
2023-06-03 21:04:54,292 DEBUG [http-nio-63040-exec-8][LogFormatUtils.java:91] - Read "application/json;charset=UTF-8" to [AddCourseDto(name=asa, users=asa, tags=asa, mt=1-10, st=1-10-2, grade=204001, teachmode=200002, desc (truncated)...]
2023-06-03 21:04:54,292 DEBUG [http-nio-63040-exec-8][LogFormatUtils.java:91] - Read "application/json;charset=UTF-8" to [AddCourseDto(name=asa, users=asa, tags=asa, mt=1-10, st=1-10-2, grade=204001, teachmode=200002, desc (truncated)...]
2023-06-03 21:04:54,292 DEBUG [http-nio-63040-exec-8][AbstractPlatformTransactionManager.java:370] - Creating new transaction with name [com.xuecheng.content.service.impl.CourserBaseInfoServiceImpl.createCourseBase]: PROPAGATION_REQUIRED,ISOLATION_DEFAULT
2023-06-03 21:04:54,292 DEBUG [http-nio-63040-exec-8][AbstractPlatformTransactionManager.java:370] - Creating new transaction with name [com.xuecheng.content.service.impl.CourserBaseInfoServiceImpl.createCourseBase]: PROPAGATION_REQUIRED,ISOLATION_DEFAULT
2023-06-03 21:04:54,293 DEBUG [http-nio-63040-exec-8][DataSourceTransactionManager.java:263] - Acquired Connection [HikariProxyConnection@1159463494 wrapping com.mysql.cj.jdbc.ConnectionImpl@653a6eec] for JDBC transaction
2023-06-03 21:04:54,293 DEBUG [http-nio-63040-exec-8][DataSourceTransactionManager.java:263] - Acquired Connection [HikariProxyConnection@1159463494 wrapping com.mysql.cj.jdbc.ConnectionImpl@653a6eec] for JDBC transaction
2023-06-03 21:04:54,293 DEBUG [http-nio-63040-exec-8][DataSourceTransactionManager.java:281] - Switching JDBC Connection [HikariProxyConnection@1159463494 wrapping com.mysql.cj.jdbc.ConnectionImpl@653a6eec] to manual commit
2023-06-03 21:04:54,293 DEBUG [http-nio-63040-exec-8][DataSourceTransactionManager.java:281] - Switching JDBC Connection [HikariProxyConnection@1159463494 wrapping com.mysql.cj.jdbc.ConnectionImpl@653a6eec] to manual commit
2023-06-03 21:04:54,294 DEBUG [http-nio-63040-exec-8][Logger.java:49] - Creating a new SqlSession
2023-06-03 21:04:54,294 DEBUG [http-nio-63040-exec-8][Logger.java:49] - Creating a new SqlSession
2023-06-03 21:04:54,295 DEBUG [http-nio-63040-exec-8][Logger.java:49] - Registering transaction synchronization for SqlSession [org.apache.ibatis.session.defaults.DefaultSqlSession@4bdbe495]
2023-06-03 21:04:54,295 DEBUG [http-nio-63040-exec-8][Logger.java:49] - Registering transaction synchronization for SqlSession [org.apache.ibatis.session.defaults.DefaultSqlSession@4bdbe495]
2023-06-03 21:04:54,295 DEBUG [http-nio-63040-exec-8][Logger.java:49] - JDBC Connection [HikariProxyConnection@1159463494 wrapping com.mysql.cj.jdbc.ConnectionImpl@653a6eec] will be managed by Spring
2023-06-03 21:04:54,295 DEBUG [http-nio-63040-exec-8][Logger.java:49] - JDBC Connection [HikariProxyConnection@1159463494 wrapping com.mysql.cj.jdbc.ConnectionImpl@653a6eec] will be managed by Spring
2023-06-03 21:04:54,295 DEBUG [http-nio-63040-exec-8][BaseJdbcLogger.java:137] - ==>  Preparing: INSERT INTO course_base ( company_id, name, users, tags, mt, st, grade, teachmode, description, pic, create_date, change_date, audit_status, status ) VALUES ( ?, ?, ?, ?, ?, ?, ?, ?, ?, ?, ?, ?, ?, ? )
2023-06-03 21:04:54,295 DEBUG [http-nio-63040-exec-8][BaseJdbcLogger.java:137] - ==>  Preparing: INSERT INTO course_base ( company_id, name, users, tags, mt, st, grade, teachmode, description, pic, create_date, change_date, audit_status, status ) VALUES ( ?, ?, ?, ?, ?, ?, ?, ?, ?, ?, ?, ?, ?, ? )
2023-06-03 21:04:54,296 DEBUG [http-nio-63040-exec-8][BaseJdbcLogger.java:137] - ==> Parameters: 1232141425(Long), asa(String), asa(String), asa(String), 1-10(String), 1-10-2(String), 204001(String), 200002(String), asa(String), (String), 2023-06-03T21:04:54.294(LocalDateTime), null, 202002(String), 203001(String)
2023-06-03 21:04:54,296 DEBUG [http-nio-63040-exec-8][BaseJdbcLogger.java:137] - ==> Parameters: 1232141425(Long), asa(String), asa(String), asa(String), 1-10(String), 1-10-2(String), 204001(String), 200002(String), asa(String), (String), 2023-06-03T21:04:54.294(LocalDateTime), null, 202002(String), 203001(String)
2023-06-03 21:04:54,305 DEBUG [http-nio-63040-exec-8][BaseJdbcLogger.java:137] - <==    Updates: 1
2023-06-03 21:04:54,305 DEBUG [http-nio-63040-exec-8][BaseJdbcLogger.java:137] - <==    Updates: 1
2023-06-03 21:04:54,305 DEBUG [http-nio-63040-exec-8][Logger.java:49] - Releasing transactional SqlSession [org.apache.ibatis.session.defaults.DefaultSqlSession@4bdbe495]
2023-06-03 21:04:54,305 DEBUG [http-nio-63040-exec-8][Logger.java:49] - Releasing transactional SqlSession [org.apache.ibatis.session.defaults.DefaultSqlSession@4bdbe495]
2023-06-03 21:04:54,306 DEBUG [http-nio-63040-exec-8][Logger.java:49] - Transaction synchronization deregistering SqlSession [org.apache.ibatis.session.defaults.DefaultSqlSession@4bdbe495]
2023-06-03 21:04:54,306 DEBUG [http-nio-63040-exec-8][Logger.java:49] - Transaction synchronization deregistering SqlSession [org.apache.ibatis.session.defaults.DefaultSqlSession@4bdbe495]
2023-06-03 21:04:54,306 DEBUG [http-nio-63040-exec-8][Logger.java:49] - Transaction synchronization closing SqlSession [org.apache.ibatis.session.defaults.DefaultSqlSession@4bdbe495]
2023-06-03 21:04:54,306 DEBUG [http-nio-63040-exec-8][Logger.java:49] - Transaction synchronization closing SqlSession [org.apache.ibatis.session.defaults.DefaultSqlSession@4bdbe495]
2023-06-03 21:04:54,306 DEBUG [http-nio-63040-exec-8][AbstractPlatformTransactionManager.java:833] - Initiating transaction rollback
2023-06-03 21:04:54,306 DEBUG [http-nio-63040-exec-8][AbstractPlatformTransactionManager.java:833] - Initiating transaction rollback
2023-06-03 21:04:54,306 DEBUG [http-nio-63040-exec-8][DataSourceTransactionManager.java:341] - Rolling back JDBC transaction on Connection [HikariProxyConnection@1159463494 wrapping com.mysql.cj.jdbc.ConnectionImpl@653a6eec]
2023-06-03 21:04:54,306 DEBUG [http-nio-63040-exec-8][DataSourceTransactionManager.java:341] - Rolling back JDBC transaction on Connection [HikariProxyConnection@1159463494 wrapping com.mysql.cj.jdbc.ConnectionImpl@653a6eec]
2023-06-03 21:04:54,308 DEBUG [http-nio-63040-exec-8][DataSourceTransactionManager.java:385] - Releasing JDBC Connection [HikariProxyConnection@1159463494 wrapping com.mysql.cj.jdbc.ConnectionImpl@653a6eec] after transaction
2023-06-03 21:04:54,308 DEBUG [http-nio-63040-exec-8][DataSourceTransactionManager.java:385] - Releasing JDBC Connection [HikariProxyConnection@1159463494 wrapping com.mysql.cj.jdbc.ConnectionImpl@653a6eec] after transaction
2023-06-03 21:04:54,308 DEBUG [http-nio-63040-exec-8][ExceptionHandlerExceptionResolver.java:398] - Using @ExceptionHandler com.xuecheng.base.exception.GlobalExceptionHandler#customException(XueChengPlusException)
2023-06-03 21:04:54,308 DEBUG [http-nio-63040-exec-8][ExceptionHandlerExceptionResolver.java:398] - Using @ExceptionHandler com.xuecheng.base.exception.GlobalExceptionHandler#customException(XueChengPlusException)
2023-06-03 21:04:54,308 ERROR [http-nio-63040-exec-8][GlobalExceptionHandler.java:19] - 系统异常：课程的价格不能为空且必须大于0
com.xuecheng.base.exception.XueChengPlusException: 课程的价格不能为空且必须大于0
	at com.xuecheng.base.exception.XueChengPlusException.cast(XueChengPlusException.java:27)
	at com.xuecheng.content.service.impl.CourserBaseInfoServiceImpl.saveCourseMarket(CourserBaseInfoServiceImpl.java:164)
	at com.xuecheng.content.service.impl.CourserBaseInfoServiceImpl.createCourseBase(CourserBaseInfoServiceImpl.java:120)
	at com.xuecheng.content.service.impl.CourserBaseInfoServiceImpl$$FastClassBySpringCGLIB$$b4c58fcf.invoke(<generated>)
	at org.springframework.cglib.proxy.MethodProxy.invoke(MethodProxy.java:218)
	at org.springframework.aop.framework.CglibAopProxy$CglibMethodInvocation.invokeJoinpoint(CglibAopProxy.java:779)
	at org.springframework.aop.framework.ReflectiveMethodInvocation.proceed(ReflectiveMethodInvocation.java:163)
	at org.springframework.aop.framework.CglibAopProxy$CglibMethodInvocation.proceed(CglibAopProxy.java:750)
	at org.springframework.transaction.interceptor.TransactionAspectSupport.invokeWithinTransaction(TransactionAspectSupport.java:367)
	at org.springframework.transaction.interceptor.TransactionInterceptor.invoke(TransactionInterceptor.java:118)
	at org.springframework.aop.framework.ReflectiveMethodInvocation.proceed(ReflectiveMethodInvocation.java:186)
	at org.springframework.aop.framework.CglibAopProxy$CglibMethodInvocation.proceed(CglibAopProxy.java:750)
	at org.springframework.aop.framework.CglibAopProxy$DynamicAdvisedInterceptor.intercept(CglibAopProxy.java:692)
	at com.xuecheng.content.service.impl.CourserBaseInfoServiceImpl$$EnhancerBySpringCGLIB$$c7c9dedd.createCourseBase(<generated>)
	at com.xuecheng.content.api.CourseBaseInfoController.createCourseBase(CourseBaseInfoController.java:46)
	at sun.reflect.NativeMethodAccessorImpl.invoke0(Native Method)
	at sun.reflect.NativeMethodAccessorImpl.invoke(NativeMethodAccessorImpl.java:62)
	at sun.reflect.DelegatingMethodAccessorImpl.invoke(DelegatingMethodAccessorImpl.java:43)
	at java.lang.reflect.Method.invoke(Method.java:498)
	at org.springframework.web.method.support.InvocableHandlerMethod.doInvoke(InvocableHandlerMethod.java:190)
	at org.springframework.web.method.support.InvocableHandlerMethod.invokeForRequest(InvocableHandlerMethod.java:138)
	at org.springframework.web.servlet.mvc.method.annotation.ServletInvocableHandlerMethod.invokeAndHandle(ServletInvocableHandlerMethod.java:105)
	at org.springframework.web.servlet.mvc.method.annotation.RequestMappingHandlerAdapter.invokeHandlerMethod(RequestMappingHandlerAdapter.java:878)
	at org.springframework.web.servlet.mvc.method.annotation.RequestMappingHandlerAdapter.handleInternal(RequestMappingHandlerAdapter.java:792)
	at org.springframework.web.servlet.mvc.method.AbstractHandlerMethodAdapter.handle(AbstractHandlerMethodAdapter.java:87)
	at org.springframework.web.servlet.DispatcherServlet.doDispatch(DispatcherServlet.java:1040)
	at org.springframework.web.servlet.DispatcherServlet.doService(DispatcherServlet.java:943)
	at org.springframework.web.servlet.FrameworkServlet.processRequest(FrameworkServlet.java:1006)
	at org.springframework.web.servlet.FrameworkServlet.doPost(FrameworkServlet.java:909)
	at javax.servlet.http.HttpServlet.service(HttpServlet.java:652)
	at org.springframework.web.servlet.FrameworkServlet.service(FrameworkServlet.java:883)
	at javax.servlet.http.HttpServlet.service(HttpServlet.java:733)
	at org.apache.catalina.core.ApplicationFilterChain.internalDoFilter(ApplicationFilterChain.java:227)
	at org.apache.catalina.core.ApplicationFilterChain.doFilter(ApplicationFilterChain.java:162)
	at org.apache.tomcat.websocket.server.WsFilter.doFilter(WsFilter.java:53)
	at org.apache.catalina.core.ApplicationFilterChain.internalDoFilter(ApplicationFilterChain.java:189)
	at org.apache.catalina.core.ApplicationFilterChain.doFilter(ApplicationFilterChain.java:162)
	at org.springframework.web.filter.RequestContextFilter.doFilterInternal(RequestContextFilter.java:100)
	at org.springframework.web.filter.OncePerRequestFilter.doFilter(OncePerRequestFilter.java:119)
	at org.apache.catalina.core.ApplicationFilterChain.internalDoFilter(ApplicationFilterChain.java:189)
	at org.apache.catalina.core.ApplicationFilterChain.doFilter(ApplicationFilterChain.java:162)
	at org.springframework.web.filter.FormContentFilter.doFilterInternal(FormContentFilter.java:93)
	at org.springframework.web.filter.OncePerRequestFilter.doFilter(OncePerRequestFilter.java:119)
	at org.apache.catalina.core.ApplicationFilterChain.internalDoFilter(ApplicationFilterChain.java:189)
	at org.apache.catalina.core.ApplicationFilterChain.doFilter(ApplicationFilterChain.java:162)
	at org.springframework.web.filter.CharacterEncodingFilter.doFilterInternal(CharacterEncodingFilter.java:201)
	at org.springframework.web.filter.OncePerRequestFilter.doFilter(OncePerRequestFilter.java:119)
	at org.apache.catalina.core.ApplicationFilterChain.internalDoFilter(ApplicationFilterChain.java:189)
	at org.apache.catalina.core.ApplicationFilterChain.doFilter(ApplicationFilterChain.java:162)
	at org.apache.catalina.core.StandardWrapperValve.invoke(StandardWrapperValve.java:202)
	at org.apache.catalina.core.StandardContextValve.invoke(StandardContextValve.java:97)
	at org.apache.catalina.authenticator.AuthenticatorBase.invoke(AuthenticatorBase.java:542)
	at org.apache.catalina.core.StandardHostValve.invoke(StandardHostValve.java:143)
	at org.apache.catalina.valves.ErrorReportValve.invoke(ErrorReportValve.java:92)
	at org.apache.catalina.core.StandardEngineValve.invoke(StandardEngineValve.java:78)
	at org.apache.catalina.connector.CoyoteAdapter.service(CoyoteAdapter.java:357)
	at org.apache.coyote.http11.Http11Processor.service(Http11Processor.java:374)
	at org.apache.coyote.AbstractProcessorLight.process(AbstractProcessorLight.java:65)
	at org.apache.coyote.AbstractProtocol$ConnectionHandler.process(AbstractProtocol.java:893)
	at org.apache.tomcat.util.net.NioEndpoint$SocketProcessor.doRun(NioEndpoint.java:1707)
	at org.apache.tomcat.util.net.SocketProcessorBase.run(SocketProcessorBase.java:49)
	at java.util.concurrent.ThreadPoolExecutor.runWorker(ThreadPoolExecutor.java:1149)
	at java.util.concurrent.ThreadPoolExecutor$Worker.run(ThreadPoolExecutor.java:624)
	at org.apache.tomcat.util.threads.TaskThread$WrappingRunnable.run(TaskThread.java:61)
	at java.lang.Thread.run(Thread.java:748)
2023-06-03 21:04:54,310 DEBUG [http-nio-63040-exec-8][AbstractMessageConverterMethodProcessor.java:255] - Using 'application/json', given [application/json, text/plain, */*] and supported [application/json, application/*+json, application/json, application/*+json]
2023-06-03 21:04:54,310 DEBUG [http-nio-63040-exec-8][LogFormatUtils.java:91] - Writing [com.xuecheng.base.exception.RestErrorResponse@23da7555]
2023-06-03 21:04:54,311 DEBUG [http-nio-63040-exec-8][AbstractHandlerExceptionResolver.java:145] - Resolved [com.xuecheng.base.exception.XueChengPlusException: 课程的价格不能为空且必须大于0]
2023-06-03 21:04:54,311 DEBUG [http-nio-63040-exec-8][FrameworkServlet.java:1131] - Completed 500 INTERNAL_SERVER_ERROR
2023-06-03 21:04:54,308 ERROR [http-nio-63040-exec-8][GlobalExceptionHandler.java:19] - 系统异常：课程的价格不能为空且必须大于0
com.xuecheng.base.exception.XueChengPlusException: 课程的价格不能为空且必须大于0
	at com.xuecheng.base.exception.XueChengPlusException.cast(XueChengPlusException.java:27)
	at com.xuecheng.content.service.impl.CourserBaseInfoServiceImpl.saveCourseMarket(CourserBaseInfoServiceImpl.java:164)
	at com.xuecheng.content.service.impl.CourserBaseInfoServiceImpl.createCourseBase(CourserBaseInfoServiceImpl.java:120)
	at com.xuecheng.content.service.impl.CourserBaseInfoServiceImpl$$FastClassBySpringCGLIB$$b4c58fcf.invoke(<generated>)
	at org.springframework.cglib.proxy.MethodProxy.invoke(MethodProxy.java:218)
	at org.springframework.aop.framework.CglibAopProxy$CglibMethodInvocation.invokeJoinpoint(CglibAopProxy.java:779)
	at org.springframework.aop.framework.ReflectiveMethodInvocation.proceed(ReflectiveMethodInvocation.java:163)
	at org.springframework.aop.framework.CglibAopProxy$CglibMethodInvocation.proceed(CglibAopProxy.java:750)
	at org.springframework.transaction.interceptor.TransactionAspectSupport.invokeWithinTransaction(TransactionAspectSupport.java:367)
	at org.springframework.transaction.interceptor.TransactionInterceptor.invoke(TransactionInterceptor.java:118)
	at org.springframework.aop.framework.ReflectiveMethodInvocation.proceed(ReflectiveMethodInvocation.java:186)
	at org.springframework.aop.framework.CglibAopProxy$CglibMethodInvocation.proceed(CglibAopProxy.java:750)
	at org.springframework.aop.framework.CglibAopProxy$DynamicAdvisedInterceptor.intercept(CglibAopProxy.java:692)
	at com.xuecheng.content.service.impl.CourserBaseInfoServiceImpl$$EnhancerBySpringCGLIB$$c7c9dedd.createCourseBase(<generated>)
	at com.xuecheng.content.api.CourseBaseInfoController.createCourseBase(CourseBaseInfoController.java:46)
	at sun.reflect.NativeMethodAccessorImpl.invoke0(Native Method)
	at sun.reflect.NativeMethodAccessorImpl.invoke(NativeMethodAccessorImpl.java:62)
	at sun.reflect.DelegatingMethodAccessorImpl.invoke(DelegatingMethodAccessorImpl.java:43)
	at java.lang.reflect.Method.invoke(Method.java:498)
	at org.springframework.web.method.support.InvocableHandlerMethod.doInvoke(InvocableHandlerMethod.java:190)
	at org.springframework.web.method.support.InvocableHandlerMethod.invokeForRequest(InvocableHandlerMethod.java:138)
	at org.springframework.web.servlet.mvc.method.annotation.ServletInvocableHandlerMethod.invokeAndHandle(ServletInvocableHandlerMethod.java:105)
	at org.springframework.web.servlet.mvc.method.annotation.RequestMappingHandlerAdapter.invokeHandlerMethod(RequestMappingHandlerAdapter.java:878)
	at org.springframework.web.servlet.mvc.method.annotation.RequestMappingHandlerAdapter.handleInternal(RequestMappingHandlerAdapter.java:792)
	at org.springframework.web.servlet.mvc.method.AbstractHandlerMethodAdapter.handle(AbstractHandlerMethodAdapter.java:87)
	at org.springframework.web.servlet.DispatcherServlet.doDispatch(DispatcherServlet.java:1040)
	at org.springframework.web.servlet.DispatcherServlet.doService(DispatcherServlet.java:943)
	at org.springframework.web.servlet.FrameworkServlet.processRequest(FrameworkServlet.java:1006)
	at org.springframework.web.servlet.FrameworkServlet.doPost(FrameworkServlet.java:909)
	at javax.servlet.http.HttpServlet.service(HttpServlet.java:652)
	at org.springframework.web.servlet.FrameworkServlet.service(FrameworkServlet.java:883)
	at javax.servlet.http.HttpServlet.service(HttpServlet.java:733)
	at org.apache.catalina.core.ApplicationFilterChain.internalDoFilter(ApplicationFilterChain.java:227)
	at org.apache.catalina.core.ApplicationFilterChain.doFilter(ApplicationFilterChain.java:162)
	at org.apache.tomcat.websocket.server.WsFilter.doFilter(WsFilter.java:53)
	at org.apache.catalina.core.ApplicationFilterChain.internalDoFilter(ApplicationFilterChain.java:189)
	at org.apache.catalina.core.ApplicationFilterChain.doFilter(ApplicationFilterChain.java:162)
	at org.springframework.web.filter.RequestContextFilter.doFilterInternal(RequestContextFilter.java:100)
	at org.springframework.web.filter.OncePerRequestFilter.doFilter(OncePerRequestFilter.java:119)
	at org.apache.catalina.core.ApplicationFilterChain.internalDoFilter(ApplicationFilterChain.java:189)
	at org.apache.catalina.core.ApplicationFilterChain.doFilter(ApplicationFilterChain.java:162)
	at org.springframework.web.filter.FormContentFilter.doFilterInternal(FormContentFilter.java:93)
	at org.springframework.web.filter.OncePerRequestFilter.doFilter(OncePerRequestFilter.java:119)
	at org.apache.catalina.core.ApplicationFilterChain.internalDoFilter(ApplicationFilterChain.java:189)
	at org.apache.catalina.core.ApplicationFilterChain.doFilter(ApplicationFilterChain.java:162)
	at org.springframework.web.filter.CharacterEncodingFilter.doFilterInternal(CharacterEncodingFilter.java:201)
	at org.springframework.web.filter.OncePerRequestFilter.doFilter(OncePerRequestFilter.java:119)
	at org.apache.catalina.core.ApplicationFilterChain.internalDoFilter(ApplicationFilterChain.java:189)
	at org.apache.catalina.core.ApplicationFilterChain.doFilter(ApplicationFilterChain.java:162)
	at org.apache.catalina.core.StandardWrapperValve.invoke(StandardWrapperValve.java:202)
	at org.apache.catalina.core.StandardContextValve.invoke(StandardContextValve.java:97)
	at org.apache.catalina.authenticator.AuthenticatorBase.invoke(AuthenticatorBase.java:542)
	at org.apache.catalina.core.StandardHostValve.invoke(StandardHostValve.java:143)
	at org.apache.catalina.valves.ErrorReportValve.invoke(ErrorReportValve.java:92)
	at org.apache.catalina.core.StandardEngineValve.invoke(StandardEngineValve.java:78)
	at org.apache.catalina.connector.CoyoteAdapter.service(CoyoteAdapter.java:357)
	at org.apache.coyote.http11.Http11Processor.service(Http11Processor.java:374)
	at org.apache.coyote.AbstractProcessorLight.process(AbstractProcessorLight.java:65)
	at org.apache.coyote.AbstractProtocol$ConnectionHandler.process(AbstractProtocol.java:893)
	at org.apache.tomcat.util.net.NioEndpoint$SocketProcessor.doRun(NioEndpoint.java:1707)
	at org.apache.tomcat.util.net.SocketProcessorBase.run(SocketProcessorBase.java:49)
	at java.util.concurrent.ThreadPoolExecutor.runWorker(ThreadPoolExecutor.java:1149)
	at java.util.concurrent.ThreadPoolExecutor$Worker.run(ThreadPoolExecutor.java:624)
	at org.apache.tomcat.util.threads.TaskThread$WrappingRunnable.run(TaskThread.java:61)
	at java.lang.Thread.run(Thread.java:748)
2023-06-03 21:04:54,310 DEBUG [http-nio-63040-exec-8][AbstractMessageConverterMethodProcessor.java:255] - Using 'application/json', given [application/json, text/plain, */*] and supported [application/json, application/*+json, application/json, application/*+json]
2023-06-03 21:04:54,310 DEBUG [http-nio-63040-exec-8][LogFormatUtils.java:91] - Writing [com.xuecheng.base.exception.RestErrorResponse@23da7555]
2023-06-03 21:04:54,311 DEBUG [http-nio-63040-exec-8][AbstractHandlerExceptionResolver.java:145] - Resolved [com.xuecheng.base.exception.XueChengPlusException: 课程的价格不能为空且必须大于0]
2023-06-03 21:04:54,311 DEBUG [http-nio-63040-exec-8][FrameworkServlet.java:1131] - Completed 500 INTERNAL_SERVER_ERROR
2023-06-03 21:04:57,559 DEBUG [HikariPool-1 housekeeper][HikariPool.java:421] - HikariPool-1 - Pool stats (total=10, active=0, idle=10, waiting=0)
2023-06-03 21:04:57,559 DEBUG [HikariPool-1 housekeeper][HikariPool.java:421] - HikariPool-1 - Pool stats (total=10, active=0, idle=10, waiting=0)
2023-06-03 21:04:57,559 DEBUG [HikariPool-1 housekeeper][HikariPool.java:517] - HikariPool-1 - Fill pool skipped, pool is at sufficient level.
2023-06-03 21:04:57,559 DEBUG [HikariPool-1 housekeeper][HikariPool.java:517] - HikariPool-1 - Fill pool skipped, pool is at sufficient level.
2023-06-03 21:04:59,679 DEBUG [HikariPool-1 housekeeper][HikariPool.java:421] - HikariPool-1 - Pool stats (total=10, active=0, idle=10, waiting=0)
2023-06-03 21:04:59,679 DEBUG [HikariPool-1 housekeeper][HikariPool.java:421] - HikariPool-1 - Pool stats (total=10, active=0, idle=10, waiting=0)
2023-06-03 21:04:59,679 DEBUG [HikariPool-1 housekeeper][HikariPool.java:517] - HikariPool-1 - Fill pool skipped, pool is at sufficient level.
2023-06-03 21:04:59,679 DEBUG [HikariPool-1 housekeeper][HikariPool.java:517] - HikariPool-1 - Fill pool skipped, pool is at sufficient level.
